<?xml version="1.0" encoding="UTF-8"?>
<coverage generated="1745899532763" clover="3.2.0">
  <project timestamp="1745899532763" name="All files">
    <metrics statements="6" coveredstatements="6" conditionals="0" coveredconditionals="0" methods="2" coveredmethods="2" elements="8" coveredelements="8" complexity="0" loc="6" ncloc="6" packages="1" files="2" classes="2"/>
    <file name="listing.model.js" path="E:\Documents\WebDev\mern-realestate\api\models\listing.model.js">
      <metrics statements="4" coveredstatements="4" conditionals="0" coveredconditionals="0" methods="2" coveredmethods="2"/>
      <line num="95" count="1" type="stmt"/>
      <line num="114" count="3" type="stmt"/>
      <line num="124" count="3" type="stmt"/>
      <line num="176" count="1" type="stmt"/>
    </file>
    <file name="user.model.js" path="E:\Documents\WebDev\mern-realestate\api\models\user.model.js">
      <metrics statements="2" coveredstatements="2" conditionals="0" coveredconditionals="0" methods="0" coveredmethods="0"/>
      <line num="3" count="1" type="stmt"/>
      <line num="40" count="1" type="stmt"/>
    </file>
  </project>
</coverage>
