{"E:\\Documents\\WebDev\\mern-realestate\\api\\models\\listing.model.js": {"path":"E:\\Documents\\WebDev\\mern-realestate\\api\\models\\listing.model.js","statementMap":{"0":{"start":{"line":95,"column":22},"end":{"line":174,"column":1}},"1":{"start":{"line":114,"column":10},"end":{"line":114,"column":27}},"2":{"start":{"line":124,"column":10},"end":{"line":124,"column":44}},"3":{"start":{"line":176,"column":16},"end":{"line":176,"column":56}}},"fnMap":{"0":{"name":"(anonymous_0)","decl":{"start":{"line":113,"column":19},"end":{"line":113,"column":20}},"loc":{"start":{"line":113,"column":36},"end":{"line":115,"column":9}},"line":113},"1":{"name":"(anonymous_1)","decl":{"start":{"line":123,"column":19},"end":{"line":123,"column":20}},"loc":{"start":{"line":123,"column":36},"end":{"line":125,"column":9}},"line":123}},"branchMap":{},"s":{"0":1,"1":3,"2":3,"3":1},"f":{"0":3,"1":3},"b":{},"_coverageSchema":"1a1c01bbd47fc00a2c39e90264f33305004495a9","hash":"ceba9f6bc1bcd123f407f3d520e3d39348ebd4bd"}
,"E:\\Documents\\WebDev\\mern-realestate\\api\\models\\user.model.js": {"path":"E:\\Documents\\WebDev\\mern-realestate\\api\\models\\user.model.js","statementMap":{"0":{"start":{"line":3,"column":19},"end":{"line":38,"column":1}},"1":{"start":{"line":40,"column":13},"end":{"line":40,"column":47}}},"fnMap":{},"branchMap":{},"s":{"0":1,"1":1},"f":{},"b":{},"_coverageSchema":"1a1c01bbd47fc00a2c39e90264f33305004495a9","hash":"32283c9fde7a6d66066740aaa945d7f66e4c98c1"}
}
