{"E:\\Documents\\WebDev\\mern-realestate\\api\\index.js": {"path":"E:\\Documents\\WebDev\\mern-realestate\\api\\index.js","statementMap":{"0":{"start":{"line":21,"column":0},"end":{"line":21,"column":16}},"1":{"start":{"line":23,"column":12},"end":{"line":23,"column":21}},"2":{"start":{"line":24,"column":0},"end":{"line":24,"column":24}},"3":{"start":{"line":25,"column":0},"end":{"line":25,"column":24}},"4":{"start":{"line":26,"column":0},"end":{"line":26,"column":24}},"5":{"start":{"line":29,"column":0},"end":{"line":29,"column":25}},"6":{"start":{"line":32,"column":0},"end":{"line":32,"column":62}},"7":{"start":{"line":35,"column":0},"end":{"line":35,"column":26}},"8":{"start":{"line":38,"column":0},"end":{"line":38,"column":24}},"9":{"start":{"line":41,"column":0},"end":{"line":54,"column":2}},"10":{"start":{"line":57,"column":0},"end":{"line":57,"column":34}},"11":{"start":{"line":60,"column":0},"end":{"line":60,"column":33}},"12":{"start":{"line":61,"column":0},"end":{"line":61,"column":33}},"13":{"start":{"line":62,"column":0},"end":{"line":62,"column":39}},"14":{"start":{"line":64,"column":17},"end":{"line":64,"column":31}},"15":{"start":{"line":66,"column":0},"end":{"line":66,"column":61}},"16":{"start":{"line":68,"column":0},"end":{"line":70,"column":3}},"17":{"start":{"line":69,"column":2},"end":{"line":69,"column":68}},"18":{"start":{"line":74,"column":0},"end":{"line":88,"column":5}},"19":{"start":{"line":77,"column":4},"end":{"line":77,"column":37}},"20":{"start":{"line":78,"column":4},"end":{"line":78,"column":37}},"21":{"start":{"line":79,"column":4},"end":{"line":82,"column":7}},"22":{"start":{"line":80,"column":6},"end":{"line":80,"column":52}},"23":{"start":{"line":81,"column":6},"end":{"line":81,"column":52}},"24":{"start":{"line":85,"column":4},"end":{"line":85,"column":22}},"25":{"start":{"line":86,"column":4},"end":{"line":86,"column":23}},"26":{"start":{"line":87,"column":4},"end":{"line":87,"column":12}}},"fnMap":{"0":{"name":"(anonymous_0)","decl":{"start":{"line":68,"column":13},"end":{"line":68,"column":14}},"loc":{"start":{"line":68,"column":27},"end":{"line":70,"column":1}},"line":68},"1":{"name":"(anonymous_1)","decl":{"start":{"line":76,"column":8},"end":{"line":76,"column":9}},"loc":{"start":{"line":76,"column":14},"end":{"line":83,"column":3}},"line":76},"2":{"name":"(anonymous_2)","decl":{"start":{"line":79,"column":30},"end":{"line":79,"column":31}},"loc":{"start":{"line":79,"column":36},"end":{"line":82,"column":5}},"line":79},"3":{"name":"(anonymous_3)","decl":{"start":{"line":84,"column":9},"end":{"line":84,"column":10}},"loc":{"start":{"line":84,"column":18},"end":{"line":88,"column":3}},"line":84}},"branchMap":{},"s":{"0":1,"1":1,"2":1,"3":1,"4":1,"5":1,"6":1,"7":1,"8":1,"9":1,"10":1,"11":1,"12":1,"13":1,"14":1,"15":1,"16":1,"17":0,"18":1,"19":1,"20":1,"21":1,"22":1,"23":1,"24":0,"25":0,"26":0},"f":{"0":0,"1":1,"2":1,"3":0},"b":{},"_coverageSchema":"1a1c01bbd47fc00a2c39e90264f33305004495a9","hash":"164089040323932f97a089b2a5608fb9bf031c7f"}
,"E:\\Documents\\WebDev\\mern-realestate\\api\\config\\cloudinaryConfig.js": {"path":"E:\\Documents\\WebDev\\mern-realestate\\api\\config\\cloudinaryConfig.js","statementMap":{"0":{"start":{"line":3,"column":0},"end":{"line":3,"column":16}},"1":{"start":{"line":5,"column":0},"end":{"line":9,"column":3}}},"fnMap":{},"branchMap":{},"s":{"0":1,"1":1},"f":{},"b":{},"_coverageSchema":"1a1c01bbd47fc00a2c39e90264f33305004495a9","hash":"a84c1a5df93c42c842317c555fd0f376130c5c97"}
,"E:\\Documents\\WebDev\\mern-realestate\\api\\config\\corsConfig.js": {"path":"E:\\Documents\\WebDev\\mern-realestate\\api\\config\\corsConfig.js","statementMap":{"0":{"start":{"line":3,"column":0},"end":{"line":3,"column":16}},"1":{"start":{"line":5,"column":19},"end":{"line":20,"column":1}},"2":{"start":{"line":22,"column":30},"end":{"line":22,"column":46}}},"fnMap":{},"branchMap":{"0":{"loc":{"start":{"line":7,"column":4},"end":{"line":9,"column":31}},"type":"cond-expr","locations":[{"start":{"line":8,"column":8},"end":{"line":8,"column":30}},{"start":{"line":9,"column":8},"end":{"line":9,"column":31}}],"line":7}},"s":{"0":1,"1":1,"2":1},"f":{},"b":{"0":[0,1]},"_coverageSchema":"1a1c01bbd47fc00a2c39e90264f33305004495a9","hash":"706a38046bea8b31ecf73c7788c0c7bda6c13aa2"}
,"E:\\Documents\\WebDev\\mern-realestate\\api\\config\\multerConfig.js": {"path":"E:\\Documents\\WebDev\\mern-realestate\\api\\config\\multerConfig.js","statementMap":{"0":{"start":{"line":5,"column":0},"end":{"line":5,"column":16}},"1":{"start":{"line":7,"column":16},"end":{"line":13,"column":2}},"2":{"start":{"line":15,"column":15},"end":{"line":15,"column":34}}},"fnMap":{},"branchMap":{},"s":{"0":1,"1":1,"2":1},"f":{},"b":{},"_coverageSchema":"1a1c01bbd47fc00a2c39e90264f33305004495a9","hash":"2c93dd9be7dfbe407fb6e341a645d7162d70fee2"}
,"E:\\Documents\\WebDev\\mern-realestate\\api\\config\\swaggerConfig.js": {"path":"E:\\Documents\\WebDev\\mern-realestate\\api\\config\\swaggerConfig.js","statementMap":{"0":{"start":{"line":7,"column":0},"end":{"line":7,"column":16}},"1":{"start":{"line":9,"column":19},"end":{"line":9,"column":49}},"2":{"start":{"line":10,"column":18},"end":{"line":10,"column":37}},"3":{"start":{"line":12,"column":16},"end":{"line":31,"column":1}},"4":{"start":{"line":33,"column":20},"end":{"line":33,"column":41}}},"fnMap":{},"branchMap":{},"s":{"0":1,"1":1,"2":1,"3":1,"4":1},"f":{},"b":{},"_coverageSchema":"1a1c01bbd47fc00a2c39e90264f33305004495a9","hash":"5c0d43a68dae729ccc2a084baaf61604b5c87f39"}
,"E:\\Documents\\WebDev\\mern-realestate\\api\\config\\winstonLoggerConfig.js": {"path":"E:\\Documents\\WebDev\\mern-realestate\\api\\config\\winstonLoggerConfig.js","statementMap":{"0":{"start":{"line":4,"column":0},"end":{"line":4,"column":16}},"1":{"start":{"line":6,"column":18},"end":{"line":12,"column":1}},"2":{"start":{"line":14,"column":15},"end":{"line":38,"column":2}},"3":{"start":{"line":41,"column":0},"end":{"line":50,"column":1}},"4":{"start":{"line":42,"column":2},"end":{"line":49,"column":4}}},"fnMap":{},"branchMap":{"0":{"loc":{"start":{"line":41,"column":0},"end":{"line":50,"column":1}},"type":"if","locations":[{"start":{"line":41,"column":0},"end":{"line":50,"column":1}},{"start":{},"end":{}}],"line":41}},"s":{"0":1,"1":1,"2":1,"3":1,"4":1},"f":{},"b":{"0":[1,0]},"_coverageSchema":"1a1c01bbd47fc00a2c39e90264f33305004495a9","hash":"db780bd5e640dffe04d9db93267a83d7dd5dbcb5"}
,"E:\\Documents\\WebDev\\mern-realestate\\api\\controllers\\auth.controller.js": {"path":"E:\\Documents\\WebDev\\mern-realestate\\api\\controllers\\auth.controller.js","statementMap":{"0":{"start":{"line":6,"column":22},"end":{"line":17,"column":1}},"1":{"start":{"line":7,"column":40},"end":{"line":7,"column":48}},"2":{"start":{"line":9,"column":2},"end":{"line":16,"column":3}},"3":{"start":{"line":10,"column":27},"end":{"line":10,"column":60}},"4":{"start":{"line":11,"column":20},"end":{"line":11,"column":75}},"5":{"start":{"line":12,"column":4},"end":{"line":12,"column":25}},"6":{"start":{"line":13,"column":4},"end":{"line":13,"column":34}},"7":{"start":{"line":15,"column":4},"end":{"line":15,"column":43}},"8":{"start":{"line":19,"column":22},"end":{"line":59,"column":1}},"9":{"start":{"line":20,"column":30},"end":{"line":20,"column":38}},"10":{"start":{"line":21,"column":2},"end":{"line":58,"column":3}},"11":{"start":{"line":22,"column":22},"end":{"line":25,"column":13}},"12":{"start":{"line":27,"column":4},"end":{"line":29,"column":5}},"13":{"start":{"line":28,"column":6},"end":{"line":28,"column":56}},"14":{"start":{"line":31,"column":26},"end":{"line":31,"column":78}},"15":{"start":{"line":33,"column":4},"end":{"line":35,"column":5}},"16":{"start":{"line":34,"column":6},"end":{"line":34,"column":61}},"17":{"start":{"line":37,"column":18},"end":{"line":44,"column":5}},"18":{"start":{"line":46,"column":4},"end":{"line":51,"column":7}},"19":{"start":{"line":53,"column":50},"end":{"line":53,"column":64}},"20":{"start":{"line":55,"column":4},"end":{"line":55,"column":31}},"21":{"start":{"line":57,"column":4},"end":{"line":57,"column":43}},"22":{"start":{"line":61,"column":22},"end":{"line":127,"column":1}},"23":{"start":{"line":62,"column":2},"end":{"line":126,"column":3}},"24":{"start":{"line":63,"column":35},"end":{"line":63,"column":43}},"25":{"start":{"line":64,"column":4},"end":{"line":64,"column":23}},"26":{"start":{"line":65,"column":17},"end":{"line":67,"column":13}},"27":{"start":{"line":69,"column":4},"end":{"line":123,"column":5}},"28":{"start":{"line":70,"column":20},"end":{"line":75,"column":7}},"29":{"start":{"line":77,"column":52},"end":{"line":77,"column":61}},"30":{"start":{"line":79,"column":6},"end":{"line":84,"column":9}},"31":{"start":{"line":86,"column":6},"end":{"line":86,"column":33}},"32":{"start":{"line":88,"column":31},"end":{"line":88,"column":67}},"33":{"start":{"line":89,"column":29},"end":{"line":89,"column":70}},"34":{"start":{"line":91,"column":8},"end":{"line":92,"column":44}},"35":{"start":{"line":93,"column":22},"end":{"line":98,"column":8}},"36":{"start":{"line":100,"column":24},"end":{"line":100,"column":44}},"37":{"start":{"line":102,"column":6},"end":{"line":122,"column":7}},"38":{"start":{"line":103,"column":22},"end":{"line":108,"column":9}},"39":{"start":{"line":110,"column":54},"end":{"line":110,"column":68}},"40":{"start":{"line":112,"column":8},"end":{"line":117,"column":11}},"41":{"start":{"line":119,"column":8},"end":{"line":119,"column":35}},"42":{"start":{"line":121,"column":8},"end":{"line":121,"column":69}},"43":{"start":{"line":125,"column":4},"end":{"line":125,"column":16}},"44":{"start":{"line":129,"column":27},"end":{"line":151,"column":1}},"45":{"start":{"line":130,"column":2},"end":{"line":137,"column":3}},"46":{"start":{"line":131,"column":4},"end":{"line":136,"column":6}},"47":{"start":{"line":138,"column":2},"end":{"line":150,"column":3}},"48":{"start":{"line":139,"column":4},"end":{"line":143,"column":7}},"49":{"start":{"line":145,"column":4},"end":{"line":145,"column":64}},"50":{"start":{"line":147,"column":4},"end":{"line":147,"column":53}},"51":{"start":{"line":149,"column":4},"end":{"line":149,"column":16}}},"fnMap":{"0":{"name":"(anonymous_0)","decl":{"start":{"line":6,"column":22},"end":{"line":6,"column":23}},"loc":{"start":{"line":6,"column":48},"end":{"line":17,"column":1}},"line":6},"1":{"name":"(anonymous_1)","decl":{"start":{"line":19,"column":22},"end":{"line":19,"column":23}},"loc":{"start":{"line":19,"column":48},"end":{"line":59,"column":1}},"line":19},"2":{"name":"(anonymous_2)","decl":{"start":{"line":61,"column":22},"end":{"line":61,"column":23}},"loc":{"start":{"line":61,"column":48},"end":{"line":127,"column":1}},"line":61},"3":{"name":"(anonymous_3)","decl":{"start":{"line":129,"column":27},"end":{"line":129,"column":28}},"loc":{"start":{"line":129,"column":53},"end":{"line":151,"column":1}},"line":129}},"branchMap":{"0":{"loc":{"start":{"line":27,"column":4},"end":{"line":29,"column":5}},"type":"if","locations":[{"start":{"line":27,"column":4},"end":{"line":29,"column":5}},{"start":{},"end":{}}],"line":27},"1":{"loc":{"start":{"line":33,"column":4},"end":{"line":35,"column":5}},"type":"if","locations":[{"start":{"line":33,"column":4},"end":{"line":35,"column":5}},{"start":{},"end":{}}],"line":33},"2":{"loc":{"start":{"line":69,"column":4},"end":{"line":123,"column":5}},"type":"if","locations":[{"start":{"line":69,"column":4},"end":{"line":123,"column":5}},{"start":{"line":87,"column":11},"end":{"line":123,"column":5}}],"line":69},"3":{"loc":{"start":{"line":102,"column":6},"end":{"line":122,"column":7}},"type":"if","locations":[{"start":{"line":102,"column":6},"end":{"line":122,"column":7}},{"start":{"line":120,"column":13},"end":{"line":122,"column":7}}],"line":102},"4":{"loc":{"start":{"line":130,"column":2},"end":{"line":137,"column":3}},"type":"if","locations":[{"start":{"line":130,"column":2},"end":{"line":137,"column":3}},{"start":{},"end":{}}],"line":130}},"s":{"0":1,"1":0,"2":0,"3":0,"4":0,"5":0,"6":0,"7":0,"8":1,"9":2,"10":2,"11":2,"12":2,"13":0,"14":2,"15":2,"16":0,"17":2,"18":2,"19":2,"20":2,"21":0,"22":1,"23":0,"24":0,"25":0,"26":0,"27":0,"28":0,"29":0,"30":0,"31":0,"32":0,"33":0,"34":0,"35":0,"36":0,"37":0,"38":0,"39":0,"40":0,"41":0,"42":0,"43":0,"44":1,"45":0,"46":0,"47":0,"48":0,"49":0,"50":0,"51":0},"f":{"0":0,"1":2,"2":0,"3":0},"b":{"0":[0,2],"1":[0,2],"2":[0,0],"3":[0,0],"4":[0,0]},"_coverageSchema":"1a1c01bbd47fc00a2c39e90264f33305004495a9","hash":"cd4c03dd580da11342c95d6b19a67f661d0f1512"}
,"E:\\Documents\\WebDev\\mern-realestate\\api\\controllers\\listing.controller.js": {"path":"E:\\Documents\\WebDev\\mern-realestate\\api\\controllers\\listing.controller.js","statementMap":{"0":{"start":{"line":11,"column":29},"end":{"line":27,"column":1}},"1":{"start":{"line":12,"column":2},"end":{"line":26,"column":3}},"2":{"start":{"line":13,"column":17},"end":{"line":13,"column":25}},"3":{"start":{"line":15,"column":20},"end":{"line":15,"column":46}},"4":{"start":{"line":17,"column":4},"end":{"line":19,"column":5}},"5":{"start":{"line":18,"column":6},"end":{"line":18,"column":60}},"6":{"start":{"line":21,"column":4},"end":{"line":21,"column":65}},"7":{"start":{"line":23,"column":4},"end":{"line":23,"column":34}},"8":{"start":{"line":25,"column":4},"end":{"line":25,"column":16}},"9":{"start":{"line":29,"column":27},"end":{"line":105,"column":1}},"10":{"start":{"line":30,"column":2},"end":{"line":104,"column":3}},"11":{"start":{"line":31,"column":23},"end":{"line":31,"column":65}},"12":{"start":{"line":32,"column":4},"end":{"line":32,"column":29}},"13":{"start":{"line":34,"column":24},"end":{"line":44,"column":5}},"14":{"start":{"line":46,"column":22},"end":{"line":46,"column":61}},"15":{"start":{"line":48,"column":23},"end":{"line":48,"column":48}},"16":{"start":{"line":50,"column":4},"end":{"line":54,"column":5}},"17":{"start":{"line":51,"column":6},"end":{"line":51,"column":61}},"18":{"start":{"line":52,"column":6},"end":{"line":52,"column":34}},"19":{"start":{"line":53,"column":6},"end":{"line":53,"column":46}},"20":{"start":{"line":56,"column":4},"end":{"line":56,"column":60}},"21":{"start":{"line":68,"column":8},"end":{"line":68,"column":19}},"22":{"start":{"line":70,"column":4},"end":{"line":72,"column":5}},"23":{"start":{"line":71,"column":6},"end":{"line":71,"column":37}},"24":{"start":{"line":74,"column":4},"end":{"line":76,"column":5}},"25":{"start":{"line":75,"column":6},"end":{"line":75,"column":41}},"26":{"start":{"line":78,"column":4},"end":{"line":80,"column":5}},"27":{"start":{"line":79,"column":6},"end":{"line":79,"column":39}},"28":{"start":{"line":82,"column":4},"end":{"line":84,"column":5}},"29":{"start":{"line":83,"column":6},"end":{"line":83,"column":46}},"30":{"start":{"line":86,"column":21},"end":{"line":96,"column":13}},"31":{"start":{"line":98,"column":4},"end":{"line":98,"column":60}},"32":{"start":{"line":100,"column":4},"end":{"line":100,"column":32}},"33":{"start":{"line":101,"column":4},"end":{"line":101,"column":42}},"34":{"start":{"line":103,"column":4},"end":{"line":103,"column":16}}},"fnMap":{"0":{"name":"(anonymous_0)","decl":{"start":{"line":11,"column":29},"end":{"line":11,"column":30}},"loc":{"start":{"line":11,"column":55},"end":{"line":27,"column":1}},"line":11},"1":{"name":"(anonymous_1)","decl":{"start":{"line":29,"column":27},"end":{"line":29,"column":28}},"loc":{"start":{"line":29,"column":53},"end":{"line":105,"column":1}},"line":29}},"branchMap":{"0":{"loc":{"start":{"line":17,"column":4},"end":{"line":19,"column":5}},"type":"if","locations":[{"start":{"line":17,"column":4},"end":{"line":19,"column":5}},{"start":{},"end":{}}],"line":17},"1":{"loc":{"start":{"line":35,"column":13},"end":{"line":35,"column":43}},"type":"binary-expr","locations":[{"start":{"line":35,"column":13},"end":{"line":35,"column":38}},{"start":{"line":35,"column":42},"end":{"line":35,"column":43}}],"line":35},"2":{"loc":{"start":{"line":36,"column":18},"end":{"line":36,"column":53}},"type":"binary-expr","locations":[{"start":{"line":36,"column":18},"end":{"line":36,"column":48}},{"start":{"line":36,"column":52},"end":{"line":36,"column":53}}],"line":36},"3":{"loc":{"start":{"line":41,"column":18},"end":{"line":41,"column":44}},"type":"binary-expr","locations":[{"start":{"line":41,"column":18},"end":{"line":41,"column":38}},{"start":{"line":41,"column":42},"end":{"line":41,"column":44}}],"line":41},"4":{"loc":{"start":{"line":42,"column":12},"end":{"line":42,"column":41}},"type":"binary-expr","locations":[{"start":{"line":42,"column":12},"end":{"line":42,"column":26}},{"start":{"line":42,"column":30},"end":{"line":42,"column":41}}],"line":42},"5":{"loc":{"start":{"line":43,"column":13},"end":{"line":43,"column":38}},"type":"binary-expr","locations":[{"start":{"line":43,"column":13},"end":{"line":43,"column":28}},{"start":{"line":43,"column":32},"end":{"line":43,"column":38}}],"line":43},"6":{"loc":{"start":{"line":50,"column":4},"end":{"line":54,"column":5}},"type":"if","locations":[{"start":{"line":50,"column":4},"end":{"line":54,"column":5}},{"start":{},"end":{}}],"line":50},"7":{"loc":{"start":{"line":70,"column":4},"end":{"line":72,"column":5}},"type":"if","locations":[{"start":{"line":70,"column":4},"end":{"line":72,"column":5}},{"start":{},"end":{}}],"line":70},"8":{"loc":{"start":{"line":70,"column":8},"end":{"line":70,"column":48}},"type":"binary-expr","locations":[{"start":{"line":70,"column":8},"end":{"line":70,"column":27}},{"start":{"line":70,"column":31},"end":{"line":70,"column":48}}],"line":70},"9":{"loc":{"start":{"line":74,"column":4},"end":{"line":76,"column":5}},"type":"if","locations":[{"start":{"line":74,"column":4},"end":{"line":76,"column":5}},{"start":{},"end":{}}],"line":74},"10":{"loc":{"start":{"line":74,"column":8},"end":{"line":74,"column":56}},"type":"binary-expr","locations":[{"start":{"line":74,"column":8},"end":{"line":74,"column":31}},{"start":{"line":74,"column":35},"end":{"line":74,"column":56}}],"line":74},"11":{"loc":{"start":{"line":78,"column":4},"end":{"line":80,"column":5}},"type":"if","locations":[{"start":{"line":78,"column":4},"end":{"line":80,"column":5}},{"start":{},"end":{}}],"line":78},"12":{"loc":{"start":{"line":78,"column":8},"end":{"line":78,"column":52}},"type":"binary-expr","locations":[{"start":{"line":78,"column":8},"end":{"line":78,"column":29}},{"start":{"line":78,"column":33},"end":{"line":78,"column":52}}],"line":78},"13":{"loc":{"start":{"line":82,"column":4},"end":{"line":84,"column":5}},"type":"if","locations":[{"start":{"line":82,"column":4},"end":{"line":84,"column":5}},{"start":{},"end":{}}],"line":82},"14":{"loc":{"start":{"line":82,"column":8},"end":{"line":82,"column":58}},"type":"binary-expr","locations":[{"start":{"line":82,"column":8},"end":{"line":82,"column":33}},{"start":{"line":82,"column":37},"end":{"line":82,"column":58}}],"line":82}},"s":{"0":1,"1":3,"2":3,"3":3,"4":3,"5":0,"6":3,"7":3,"8":0,"9":1,"10":1,"11":1,"12":1,"13":1,"14":1,"15":1,"16":1,"17":1,"18":1,"19":1,"20":0,"21":0,"22":0,"23":0,"24":0,"25":0,"26":0,"27":0,"28":0,"29":0,"30":0,"31":0,"32":0,"33":0,"34":0},"f":{"0":3,"1":1},"b":{"0":[0,3],"1":[1,1],"2":[1,1],"3":[1,1],"4":[1,1],"5":[1,1],"6":[1,0],"7":[0,0],"8":[0,0],"9":[0,0],"10":[0,0],"11":[0,0],"12":[0,0],"13":[0,0],"14":[0,0]},"_coverageSchema":"1a1c01bbd47fc00a2c39e90264f33305004495a9","hash":"072f9698a04e4e21a6db22c0d313dd652eeb4ca4"}
,"E:\\Documents\\WebDev\\mern-realestate\\api\\controllers\\user.controller.js": {"path":"E:\\Documents\\WebDev\\mern-realestate\\api\\controllers\\user.controller.js","statementMap":{"0":{"start":{"line":14,"column":24},"end":{"line":17,"column":1}},"1":{"start":{"line":15,"column":25},"end":{"line":15,"column":60}},"2":{"start":{"line":16,"column":2},"end":{"line":16,"column":30}},"3":{"start":{"line":19,"column":36},"end":{"line":41,"column":1}},"4":{"start":{"line":20,"column":2},"end":{"line":20,"column":30}},"5":{"start":{"line":21,"column":22},"end":{"line":21,"column":23}},"6":{"start":{"line":22,"column":2},"end":{"line":40,"column":3}},"7":{"start":{"line":23,"column":4},"end":{"line":28,"column":7}},"8":{"start":{"line":24,"column":6},"end":{"line":24,"column":36}},"9":{"start":{"line":25,"column":6},"end":{"line":27,"column":8}},"10":{"start":{"line":30,"column":4},"end":{"line":32,"column":5}},"11":{"start":{"line":31,"column":6},"end":{"line":31,"column":57}},"12":{"start":{"line":34,"column":4},"end":{"line":37,"column":7}},"13":{"start":{"line":35,"column":6},"end":{"line":35,"column":38}},"14":{"start":{"line":36,"column":6},"end":{"line":36,"column":56}},"15":{"start":{"line":39,"column":4},"end":{"line":39,"column":65}},"16":{"start":{"line":43,"column":38},"end":{"line":60,"column":1}},"17":{"start":{"line":44,"column":20},"end":{"line":44,"column":59}},"18":{"start":{"line":47,"column":20},"end":{"line":50,"column":3}},"19":{"start":{"line":53,"column":2},"end":{"line":59,"column":5}},"20":{"start":{"line":62,"column":33},"end":{"line":106,"column":1}},"21":{"start":{"line":63,"column":2},"end":{"line":70,"column":3}},"22":{"start":{"line":64,"column":4},"end":{"line":69,"column":6}},"23":{"start":{"line":72,"column":2},"end":{"line":105,"column":3}},"24":{"start":{"line":73,"column":33},"end":{"line":73,"column":41}},"25":{"start":{"line":74,"column":4},"end":{"line":74,"column":72}},"26":{"start":{"line":75,"column":25},"end":{"line":75,"column":27}},"27":{"start":{"line":77,"column":4},"end":{"line":77,"column":51}},"28":{"start":{"line":77,"column":18},"end":{"line":77,"column":51}},"29":{"start":{"line":78,"column":4},"end":{"line":78,"column":45}},"30":{"start":{"line":78,"column":16},"end":{"line":78,"column":45}},"31":{"start":{"line":79,"column":4},"end":{"line":81,"column":5}},"32":{"start":{"line":80,"column":6},"end":{"line":80,"column":73}},"33":{"start":{"line":83,"column":23},"end":{"line":94,"column":5}},"34":{"start":{"line":96,"column":4},"end":{"line":98,"column":5}},"35":{"start":{"line":97,"column":6},"end":{"line":97,"column":73}},"36":{"start":{"line":100,"column":34},"end":{"line":100,"column":49}},"37":{"start":{"line":102,"column":4},"end":{"line":102,"column":31}},"38":{"start":{"line":104,"column":4},"end":{"line":104,"column":16}},"39":{"start":{"line":108,"column":26},"end":{"line":140,"column":1}},"40":{"start":{"line":109,"column":2},"end":{"line":116,"column":3}},"41":{"start":{"line":110,"column":4},"end":{"line":115,"column":6}},"42":{"start":{"line":118,"column":2},"end":{"line":139,"column":3}},"43":{"start":{"line":119,"column":24},"end":{"line":130,"column":5}},"44":{"start":{"line":132,"column":4},"end":{"line":134,"column":5}},"45":{"start":{"line":133,"column":6},"end":{"line":133,"column":73}},"46":{"start":{"line":136,"column":4},"end":{"line":136,"column":51}},"47":{"start":{"line":138,"column":4},"end":{"line":138,"column":16}},"48":{"start":{"line":142,"column":31},"end":{"line":179,"column":1}},"49":{"start":{"line":143,"column":2},"end":{"line":143,"column":52}},"50":{"start":{"line":144,"column":2},"end":{"line":178,"column":3}},"51":{"start":{"line":145,"column":4},"end":{"line":152,"column":5}},"52":{"start":{"line":146,"column":6},"end":{"line":151,"column":8}},"53":{"start":{"line":155,"column":21},"end":{"line":155,"column":59}},"54":{"start":{"line":156,"column":22},"end":{"line":156,"column":46}},"55":{"start":{"line":157,"column":4},"end":{"line":161,"column":5}},"56":{"start":{"line":158,"column":6},"end":{"line":158,"column":48}},"57":{"start":{"line":159,"column":6},"end":{"line":159,"column":59}},"58":{"start":{"line":160,"column":6},"end":{"line":160,"column":45}},"59":{"start":{"line":163,"column":4},"end":{"line":163,"column":47}},"60":{"start":{"line":165,"column":21},"end":{"line":170,"column":13}},"61":{"start":{"line":172,"column":4},"end":{"line":172,"column":66}},"62":{"start":{"line":173,"column":4},"end":{"line":173,"column":57}},"63":{"start":{"line":175,"column":4},"end":{"line":175,"column":35}},"64":{"start":{"line":177,"column":4},"end":{"line":177,"column":16}},"65":{"start":{"line":181,"column":36},"end":{"line":226,"column":1}},"66":{"start":{"line":182,"column":2},"end":{"line":182,"column":57}},"67":{"start":{"line":183,"column":33},"end":{"line":183,"column":42}},"68":{"start":{"line":184,"column":2},"end":{"line":225,"column":3}},"69":{"start":{"line":185,"column":4},"end":{"line":192,"column":5}},"70":{"start":{"line":186,"column":6},"end":{"line":191,"column":8}},"71":{"start":{"line":194,"column":4},"end":{"line":196,"column":5}},"72":{"start":{"line":195,"column":6},"end":{"line":195,"column":68}},"73":{"start":{"line":199,"column":21},"end":{"line":199,"column":59}},"74":{"start":{"line":200,"column":22},"end":{"line":200,"column":46}},"75":{"start":{"line":201,"column":4},"end":{"line":205,"column":5}},"76":{"start":{"line":202,"column":6},"end":{"line":202,"column":53}},"77":{"start":{"line":203,"column":6},"end":{"line":203,"column":64}},"78":{"start":{"line":204,"column":6},"end":{"line":204,"column":45}},"79":{"start":{"line":206,"column":4},"end":{"line":206,"column":52}},"80":{"start":{"line":208,"column":20},"end":{"line":213,"column":13}},"81":{"start":{"line":215,"column":4},"end":{"line":217,"column":5}},"82":{"start":{"line":216,"column":6},"end":{"line":216,"column":59}},"83":{"start":{"line":219,"column":4},"end":{"line":219,"column":66}},"84":{"start":{"line":220,"column":4},"end":{"line":220,"column":62}},"85":{"start":{"line":222,"column":4},"end":{"line":222,"column":34}},"86":{"start":{"line":224,"column":4},"end":{"line":224,"column":16}},"87":{"start":{"line":228,"column":33},"end":{"line":268,"column":1}},"88":{"start":{"line":229,"column":22},"end":{"line":229,"column":30}},"89":{"start":{"line":230,"column":20},"end":{"line":230,"column":33}},"90":{"start":{"line":232,"column":2},"end":{"line":232,"column":34}},"91":{"start":{"line":233,"column":2},"end":{"line":267,"column":3}},"92":{"start":{"line":234,"column":4},"end":{"line":241,"column":5}},"93":{"start":{"line":235,"column":6},"end":{"line":240,"column":8}},"94":{"start":{"line":243,"column":4},"end":{"line":245,"column":5}},"95":{"start":{"line":244,"column":6},"end":{"line":244,"column":68}},"96":{"start":{"line":247,"column":27},"end":{"line":258,"column":5}},"97":{"start":{"line":260,"column":4},"end":{"line":262,"column":5}},"98":{"start":{"line":261,"column":6},"end":{"line":261,"column":59}},"99":{"start":{"line":264,"column":4},"end":{"line":264,"column":41}},"100":{"start":{"line":266,"column":4},"end":{"line":266,"column":16}},"101":{"start":{"line":270,"column":33},"end":{"line":339,"column":1}},"102":{"start":{"line":271,"column":2},"end":{"line":338,"column":3}},"103":{"start":{"line":272,"column":4},"end":{"line":274,"column":5}},"104":{"start":{"line":273,"column":6},"end":{"line":273,"column":68}},"105":{"start":{"line":276,"column":20},"end":{"line":276,"column":64}},"106":{"start":{"line":278,"column":4},"end":{"line":280,"column":5}},"107":{"start":{"line":279,"column":6},"end":{"line":279,"column":59}},"108":{"start":{"line":282,"column":4},"end":{"line":289,"column":5}},"109":{"start":{"line":283,"column":6},"end":{"line":288,"column":8}},"110":{"start":{"line":304,"column":8},"end":{"line":304,"column":16}},"111":{"start":{"line":306,"column":25},"end":{"line":306,"column":27}},"112":{"start":{"line":308,"column":4},"end":{"line":308,"column":39}},"113":{"start":{"line":308,"column":14},"end":{"line":308,"column":39}},"114":{"start":{"line":309,"column":4},"end":{"line":309,"column":60}},"115":{"start":{"line":309,"column":21},"end":{"line":309,"column":60}},"116":{"start":{"line":310,"column":4},"end":{"line":310,"column":48}},"117":{"start":{"line":310,"column":17},"end":{"line":310,"column":48}},"118":{"start":{"line":311,"column":4},"end":{"line":311,"column":63}},"119":{"start":{"line":311,"column":22},"end":{"line":311,"column":63}},"120":{"start":{"line":312,"column":4},"end":{"line":312,"column":72}},"121":{"start":{"line":312,"column":25},"end":{"line":312,"column":72}},"122":{"start":{"line":313,"column":4},"end":{"line":313,"column":54}},"123":{"start":{"line":313,"column":19},"end":{"line":313,"column":54}},"124":{"start":{"line":314,"column":4},"end":{"line":314,"column":51}},"125":{"start":{"line":314,"column":18},"end":{"line":314,"column":51}},"126":{"start":{"line":315,"column":4},"end":{"line":315,"column":54}},"127":{"start":{"line":315,"column":19},"end":{"line":315,"column":54}},"128":{"start":{"line":316,"column":4},"end":{"line":316,"column":48}},"129":{"start":{"line":316,"column":17},"end":{"line":316,"column":48}},"130":{"start":{"line":317,"column":4},"end":{"line":317,"column":60}},"131":{"start":{"line":317,"column":21},"end":{"line":317,"column":60}},"132":{"start":{"line":318,"column":4},"end":{"line":318,"column":42}},"133":{"start":{"line":318,"column":15},"end":{"line":318,"column":42}},"134":{"start":{"line":319,"column":4},"end":{"line":319,"column":54}},"135":{"start":{"line":319,"column":19},"end":{"line":319,"column":54}},"136":{"start":{"line":321,"column":27},"end":{"line":329,"column":5}},"137":{"start":{"line":331,"column":4},"end":{"line":333,"column":5}},"138":{"start":{"line":332,"column":6},"end":{"line":332,"column":76}},"139":{"start":{"line":335,"column":4},"end":{"line":335,"column":41}},"140":{"start":{"line":337,"column":4},"end":{"line":337,"column":16}},"141":{"start":{"line":341,"column":32},"end":{"line":355,"column":1}},"142":{"start":{"line":342,"column":2},"end":{"line":354,"column":3}},"143":{"start":{"line":343,"column":17},"end":{"line":343,"column":51}},"144":{"start":{"line":345,"column":4},"end":{"line":347,"column":5}},"145":{"start":{"line":346,"column":6},"end":{"line":346,"column":56}},"146":{"start":{"line":349,"column":34},"end":{"line":349,"column":43}},"147":{"start":{"line":351,"column":4},"end":{"line":351,"column":31}},"148":{"start":{"line":353,"column":4},"end":{"line":353,"column":16}}},"fnMap":{"0":{"name":"(anonymous_0)","decl":{"start":{"line":14,"column":24},"end":{"line":14,"column":25}},"loc":{"start":{"line":14,"column":44},"end":{"line":17,"column":1}},"line":14},"1":{"name":"(anonymous_1)","decl":{"start":{"line":19,"column":36},"end":{"line":19,"column":37}},"loc":{"start":{"line":19,"column":56},"end":{"line":41,"column":1}},"line":19},"2":{"name":"(anonymous_2)","decl":{"start":{"line":23,"column":19},"end":{"line":23,"column":20}},"loc":{"start":{"line":23,"column":30},"end":{"line":28,"column":5}},"line":23},"3":{"name":"(anonymous_3)","decl":{"start":{"line":34,"column":18},"end":{"line":34,"column":19}},"loc":{"start":{"line":34,"column":24},"end":{"line":37,"column":5}},"line":34},"4":{"name":"(anonymous_4)","decl":{"start":{"line":43,"column":38},"end":{"line":43,"column":39}},"loc":{"start":{"line":43,"column":52},"end":{"line":60,"column":1}},"line":43},"5":{"name":"(anonymous_5)","decl":{"start":{"line":62,"column":33},"end":{"line":62,"column":34}},"loc":{"start":{"line":62,"column":59},"end":{"line":106,"column":1}},"line":62},"6":{"name":"(anonymous_6)","decl":{"start":{"line":108,"column":26},"end":{"line":108,"column":27}},"loc":{"start":{"line":108,"column":52},"end":{"line":140,"column":1}},"line":108},"7":{"name":"(anonymous_7)","decl":{"start":{"line":142,"column":31},"end":{"line":142,"column":32}},"loc":{"start":{"line":142,"column":57},"end":{"line":179,"column":1}},"line":142},"8":{"name":"(anonymous_8)","decl":{"start":{"line":181,"column":36},"end":{"line":181,"column":37}},"loc":{"start":{"line":181,"column":62},"end":{"line":226,"column":1}},"line":181},"9":{"name":"(anonymous_9)","decl":{"start":{"line":228,"column":33},"end":{"line":228,"column":34}},"loc":{"start":{"line":228,"column":59},"end":{"line":268,"column":1}},"line":228},"10":{"name":"(anonymous_10)","decl":{"start":{"line":270,"column":33},"end":{"line":270,"column":34}},"loc":{"start":{"line":270,"column":59},"end":{"line":339,"column":1}},"line":270},"11":{"name":"(anonymous_11)","decl":{"start":{"line":341,"column":32},"end":{"line":341,"column":33}},"loc":{"start":{"line":341,"column":58},"end":{"line":355,"column":1}},"line":341}},"branchMap":{"0":{"loc":{"start":{"line":30,"column":4},"end":{"line":32,"column":5}},"type":"if","locations":[{"start":{"line":30,"column":4},"end":{"line":32,"column":5}},{"start":{},"end":{}}],"line":30},"1":{"loc":{"start":{"line":63,"column":2},"end":{"line":70,"column":3}},"type":"if","locations":[{"start":{"line":63,"column":2},"end":{"line":70,"column":3}},{"start":{},"end":{}}],"line":63},"2":{"loc":{"start":{"line":77,"column":4},"end":{"line":77,"column":51}},"type":"if","locations":[{"start":{"line":77,"column":4},"end":{"line":77,"column":51}},{"start":{},"end":{}}],"line":77},"3":{"loc":{"start":{"line":78,"column":4},"end":{"line":78,"column":45}},"type":"if","locations":[{"start":{"line":78,"column":4},"end":{"line":78,"column":45}},{"start":{},"end":{}}],"line":78},"4":{"loc":{"start":{"line":79,"column":4},"end":{"line":81,"column":5}},"type":"if","locations":[{"start":{"line":79,"column":4},"end":{"line":81,"column":5}},{"start":{},"end":{}}],"line":79},"5":{"loc":{"start":{"line":96,"column":4},"end":{"line":98,"column":5}},"type":"if","locations":[{"start":{"line":96,"column":4},"end":{"line":98,"column":5}},{"start":{},"end":{}}],"line":96},"6":{"loc":{"start":{"line":109,"column":2},"end":{"line":116,"column":3}},"type":"if","locations":[{"start":{"line":109,"column":2},"end":{"line":116,"column":3}},{"start":{},"end":{}}],"line":109},"7":{"loc":{"start":{"line":132,"column":4},"end":{"line":134,"column":5}},"type":"if","locations":[{"start":{"line":132,"column":4},"end":{"line":134,"column":5}},{"start":{},"end":{}}],"line":132},"8":{"loc":{"start":{"line":145,"column":4},"end":{"line":152,"column":5}},"type":"if","locations":[{"start":{"line":145,"column":4},"end":{"line":152,"column":5}},{"start":{},"end":{}}],"line":145},"9":{"loc":{"start":{"line":157,"column":4},"end":{"line":161,"column":5}},"type":"if","locations":[{"start":{"line":157,"column":4},"end":{"line":161,"column":5}},{"start":{},"end":{}}],"line":157},"10":{"loc":{"start":{"line":185,"column":4},"end":{"line":192,"column":5}},"type":"if","locations":[{"start":{"line":185,"column":4},"end":{"line":192,"column":5}},{"start":{},"end":{}}],"line":185},"11":{"loc":{"start":{"line":194,"column":4},"end":{"line":196,"column":5}},"type":"if","locations":[{"start":{"line":194,"column":4},"end":{"line":196,"column":5}},{"start":{},"end":{}}],"line":194},"12":{"loc":{"start":{"line":201,"column":4},"end":{"line":205,"column":5}},"type":"if","locations":[{"start":{"line":201,"column":4},"end":{"line":205,"column":5}},{"start":{},"end":{}}],"line":201},"13":{"loc":{"start":{"line":215,"column":4},"end":{"line":217,"column":5}},"type":"if","locations":[{"start":{"line":215,"column":4},"end":{"line":217,"column":5}},{"start":{},"end":{}}],"line":215},"14":{"loc":{"start":{"line":234,"column":4},"end":{"line":241,"column":5}},"type":"if","locations":[{"start":{"line":234,"column":4},"end":{"line":241,"column":5}},{"start":{},"end":{}}],"line":234},"15":{"loc":{"start":{"line":243,"column":4},"end":{"line":245,"column":5}},"type":"if","locations":[{"start":{"line":243,"column":4},"end":{"line":245,"column":5}},{"start":{},"end":{}}],"line":243},"16":{"loc":{"start":{"line":260,"column":4},"end":{"line":262,"column":5}},"type":"if","locations":[{"start":{"line":260,"column":4},"end":{"line":262,"column":5}},{"start":{},"end":{}}],"line":260},"17":{"loc":{"start":{"line":272,"column":4},"end":{"line":274,"column":5}},"type":"if","locations":[{"start":{"line":272,"column":4},"end":{"line":274,"column":5}},{"start":{},"end":{}}],"line":272},"18":{"loc":{"start":{"line":278,"column":4},"end":{"line":280,"column":5}},"type":"if","locations":[{"start":{"line":278,"column":4},"end":{"line":280,"column":5}},{"start":{},"end":{}}],"line":278},"19":{"loc":{"start":{"line":282,"column":4},"end":{"line":289,"column":5}},"type":"if","locations":[{"start":{"line":282,"column":4},"end":{"line":289,"column":5}},{"start":{},"end":{}}],"line":282},"20":{"loc":{"start":{"line":308,"column":4},"end":{"line":308,"column":39}},"type":"if","locations":[{"start":{"line":308,"column":4},"end":{"line":308,"column":39}},{"start":{},"end":{}}],"line":308},"21":{"loc":{"start":{"line":309,"column":4},"end":{"line":309,"column":60}},"type":"if","locations":[{"start":{"line":309,"column":4},"end":{"line":309,"column":60}},{"start":{},"end":{}}],"line":309},"22":{"loc":{"start":{"line":310,"column":4},"end":{"line":310,"column":48}},"type":"if","locations":[{"start":{"line":310,"column":4},"end":{"line":310,"column":48}},{"start":{},"end":{}}],"line":310},"23":{"loc":{"start":{"line":311,"column":4},"end":{"line":311,"column":63}},"type":"if","locations":[{"start":{"line":311,"column":4},"end":{"line":311,"column":63}},{"start":{},"end":{}}],"line":311},"24":{"loc":{"start":{"line":312,"column":4},"end":{"line":312,"column":72}},"type":"if","locations":[{"start":{"line":312,"column":4},"end":{"line":312,"column":72}},{"start":{},"end":{}}],"line":312},"25":{"loc":{"start":{"line":313,"column":4},"end":{"line":313,"column":54}},"type":"if","locations":[{"start":{"line":313,"column":4},"end":{"line":313,"column":54}},{"start":{},"end":{}}],"line":313},"26":{"loc":{"start":{"line":314,"column":4},"end":{"line":314,"column":51}},"type":"if","locations":[{"start":{"line":314,"column":4},"end":{"line":314,"column":51}},{"start":{},"end":{}}],"line":314},"27":{"loc":{"start":{"line":315,"column":4},"end":{"line":315,"column":54}},"type":"if","locations":[{"start":{"line":315,"column":4},"end":{"line":315,"column":54}},{"start":{},"end":{}}],"line":315},"28":{"loc":{"start":{"line":316,"column":4},"end":{"line":316,"column":48}},"type":"if","locations":[{"start":{"line":316,"column":4},"end":{"line":316,"column":48}},{"start":{},"end":{}}],"line":316},"29":{"loc":{"start":{"line":317,"column":4},"end":{"line":317,"column":60}},"type":"if","locations":[{"start":{"line":317,"column":4},"end":{"line":317,"column":60}},{"start":{},"end":{}}],"line":317},"30":{"loc":{"start":{"line":318,"column":4},"end":{"line":318,"column":42}},"type":"if","locations":[{"start":{"line":318,"column":4},"end":{"line":318,"column":42}},{"start":{},"end":{}}],"line":318},"31":{"loc":{"start":{"line":319,"column":4},"end":{"line":319,"column":54}},"type":"if","locations":[{"start":{"line":319,"column":4},"end":{"line":319,"column":54}},{"start":{},"end":{}}],"line":319},"32":{"loc":{"start":{"line":331,"column":4},"end":{"line":333,"column":5}},"type":"if","locations":[{"start":{"line":331,"column":4},"end":{"line":333,"column":5}},{"start":{},"end":{}}],"line":331},"33":{"loc":{"start":{"line":345,"column":4},"end":{"line":347,"column":5}},"type":"if","locations":[{"start":{"line":345,"column":4},"end":{"line":347,"column":5}},{"start":{},"end":{}}],"line":345}},"s":{"0":1,"1":0,"2":0,"3":1,"4":0,"5":0,"6":0,"7":0,"8":0,"9":0,"10":0,"11":0,"12":0,"13":0,"14":0,"15":0,"16":1,"17":0,"18":0,"19":0,"20":1,"21":0,"22":0,"23":0,"24":0,"25":0,"26":0,"27":0,"28":0,"29":0,"30":0,"31":0,"32":0,"33":0,"34":0,"35":0,"36":0,"37":0,"38":0,"39":1,"40":0,"41":0,"42":0,"43":0,"44":0,"45":0,"46":0,"47":0,"48":1,"49":0,"50":0,"51":0,"52":0,"53":0,"54":0,"55":0,"56":0,"57":0,"58":0,"59":0,"60":0,"61":0,"62":0,"63":0,"64":0,"65":1,"66":0,"67":0,"68":0,"69":0,"70":0,"71":0,"72":0,"73":0,"74":0,"75":0,"76":0,"77":0,"78":0,"79":0,"80":0,"81":0,"82":0,"83":0,"84":0,"85":0,"86":0,"87":1,"88":0,"89":0,"90":0,"91":0,"92":0,"93":0,"94":0,"95":0,"96":0,"97":0,"98":0,"99":0,"100":0,"101":1,"102":0,"103":0,"104":0,"105":0,"106":0,"107":0,"108":0,"109":0,"110":0,"111":0,"112":0,"113":0,"114":0,"115":0,"116":0,"117":0,"118":0,"119":0,"120":0,"121":0,"122":0,"123":0,"124":0,"125":0,"126":0,"127":0,"128":0,"129":0,"130":0,"131":0,"132":0,"133":0,"134":0,"135":0,"136":0,"137":0,"138":0,"139":0,"140":0,"141":1,"142":0,"143":0,"144":0,"145":0,"146":0,"147":0,"148":0},"f":{"0":0,"1":0,"2":0,"3":0,"4":0,"5":0,"6":0,"7":0,"8":0,"9":0,"10":0,"11":0},"b":{"0":[0,0],"1":[0,0],"2":[0,0],"3":[0,0],"4":[0,0],"5":[0,0],"6":[0,0],"7":[0,0],"8":[0,0],"9":[0,0],"10":[0,0],"11":[0,0],"12":[0,0],"13":[0,0],"14":[0,0],"15":[0,0],"16":[0,0],"17":[0,0],"18":[0,0],"19":[0,0],"20":[0,0],"21":[0,0],"22":[0,0],"23":[0,0],"24":[0,0],"25":[0,0],"26":[0,0],"27":[0,0],"28":[0,0],"29":[0,0],"30":[0,0],"31":[0,0],"32":[0,0],"33":[0,0]},"_coverageSchema":"1a1c01bbd47fc00a2c39e90264f33305004495a9","hash":"8843d9417446cb0643ee4aec8511e4a9ce471bba"}
,"E:\\Documents\\WebDev\\mern-realestate\\api\\middlewares\\auth.middleware.js": {"path":"E:\\Documents\\WebDev\\mern-realestate\\api\\middlewares\\auth.middleware.js","statementMap":{"0":{"start":{"line":4,"column":31},"end":{"line":19,"column":1}},"1":{"start":{"line":5,"column":16},"end":{"line":5,"column":40}},"2":{"start":{"line":7,"column":2},"end":{"line":9,"column":3}},"3":{"start":{"line":8,"column":4},"end":{"line":8,"column":58}},"4":{"start":{"line":11,"column":2},"end":{"line":18,"column":5}},"5":{"start":{"line":12,"column":4},"end":{"line":14,"column":5}},"6":{"start":{"line":13,"column":6},"end":{"line":13,"column":50}},"7":{"start":{"line":16,"column":4},"end":{"line":16,"column":20}},"8":{"start":{"line":17,"column":4},"end":{"line":17,"column":11}}},"fnMap":{"0":{"name":"(anonymous_0)","decl":{"start":{"line":4,"column":31},"end":{"line":4,"column":32}},"loc":{"start":{"line":4,"column":51},"end":{"line":19,"column":1}},"line":4},"1":{"name":"(anonymous_1)","decl":{"start":{"line":11,"column":44},"end":{"line":11,"column":45}},"loc":{"start":{"line":11,"column":59},"end":{"line":18,"column":3}},"line":11}},"branchMap":{"0":{"loc":{"start":{"line":7,"column":2},"end":{"line":9,"column":3}},"type":"if","locations":[{"start":{"line":7,"column":2},"end":{"line":9,"column":3}},{"start":{},"end":{}}],"line":7},"1":{"loc":{"start":{"line":12,"column":4},"end":{"line":14,"column":5}},"type":"if","locations":[{"start":{"line":12,"column":4},"end":{"line":14,"column":5}},{"start":{},"end":{}}],"line":12}},"s":{"0":1,"1":3,"2":3,"3":0,"4":3,"5":3,"6":0,"7":3,"8":3},"f":{"0":3,"1":3},"b":{"0":[0,3],"1":[0,3]},"_coverageSchema":"1a1c01bbd47fc00a2c39e90264f33305004495a9","hash":"69920cd5ad3dfeab4708d14d8a239a8f97fe32bd"}
,"E:\\Documents\\WebDev\\mern-realestate\\api\\middlewares\\cloudinary.middleware.js": {"path":"E:\\Documents\\WebDev\\mern-realestate\\api\\middlewares\\cloudinary.middleware.js","statementMap":{"0":{"start":{"line":4,"column":21},"end":{"line":4,"column":43}},"1":{"start":{"line":6,"column":33},"end":{"line":13,"column":1}},"2":{"start":{"line":7,"column":2},"end":{"line":12,"column":5}},"3":{"start":{"line":8,"column":4},"end":{"line":10,"column":5}},"4":{"start":{"line":9,"column":6},"end":{"line":9,"column":44}},"5":{"start":{"line":11,"column":4},"end":{"line":11,"column":11}}},"fnMap":{"0":{"name":"(anonymous_0)","decl":{"start":{"line":6,"column":33},"end":{"line":6,"column":34}},"loc":{"start":{"line":6,"column":53},"end":{"line":13,"column":1}},"line":6},"1":{"name":"(anonymous_1)","decl":{"start":{"line":7,"column":25},"end":{"line":7,"column":26}},"loc":{"start":{"line":7,"column":36},"end":{"line":12,"column":3}},"line":7}},"branchMap":{"0":{"loc":{"start":{"line":8,"column":4},"end":{"line":10,"column":5}},"type":"if","locations":[{"start":{"line":8,"column":4},"end":{"line":10,"column":5}},{"start":{},"end":{}}],"line":8}},"s":{"0":1,"1":1,"2":0,"3":0,"4":0,"5":0},"f":{"0":0,"1":0},"b":{"0":[0,0]},"_coverageSchema":"1a1c01bbd47fc00a2c39e90264f33305004495a9","hash":"b6feb42c89cf9078ec9967dd45ea2b3cdbd34675"}
,"E:\\Documents\\WebDev\\mern-realestate\\api\\middlewares\\error.middleware.js": {"path":"E:\\Documents\\WebDev\\mern-realestate\\api\\middlewares\\error.middleware.js","statementMap":{"0":{"start":{"line":1,"column":31},"end":{"line":21,"column":1}},"1":{"start":{"line":2,"column":2},"end":{"line":2,"column":47}},"2":{"start":{"line":3,"column":2},"end":{"line":11,"column":5}},"3":{"start":{"line":13,"column":21},"end":{"line":13,"column":44}},"4":{"start":{"line":14,"column":18},"end":{"line":14,"column":58}},"5":{"start":{"line":16,"column":2},"end":{"line":20,"column":5}}},"fnMap":{"0":{"name":"(anonymous_0)","decl":{"start":{"line":1,"column":31},"end":{"line":1,"column":32}},"loc":{"start":{"line":1,"column":58},"end":{"line":21,"column":1}},"line":1}},"branchMap":{"0":{"loc":{"start":{"line":10,"column":10},"end":{"line":10,"column":37}},"type":"binary-expr","locations":[{"start":{"line":10,"column":10},"end":{"line":10,"column":22}},{"start":{"line":10,"column":26},"end":{"line":10,"column":37}}],"line":10},"1":{"loc":{"start":{"line":13,"column":21},"end":{"line":13,"column":44}},"type":"binary-expr","locations":[{"start":{"line":13,"column":21},"end":{"line":13,"column":37}},{"start":{"line":13,"column":41},"end":{"line":13,"column":44}}],"line":13},"2":{"loc":{"start":{"line":14,"column":18},"end":{"line":14,"column":58}},"type":"binary-expr","locations":[{"start":{"line":14,"column":18},"end":{"line":14,"column":31}},{"start":{"line":14,"column":35},"end":{"line":14,"column":58}}],"line":14}},"s":{"0":1,"1":0,"2":0,"3":0,"4":0,"5":0},"f":{"0":0},"b":{"0":[0,0],"1":[0,0],"2":[0,0]},"_coverageSchema":"1a1c01bbd47fc00a2c39e90264f33305004495a9","hash":"90620a741131d8f4c4aa4567ad5a540d98ae3fdd"}
,"E:\\Documents\\WebDev\\mern-realestate\\api\\middlewares\\morgan.middleware.js": {"path":"E:\\Documents\\WebDev\\mern-realestate\\api\\middlewares\\morgan.middleware.js","statementMap":{"0":{"start":{"line":4,"column":0},"end":{"line":4,"column":16}},"1":{"start":{"line":6,"column":15},"end":{"line":8,"column":1}},"2":{"start":{"line":7,"column":22},"end":{"line":7,"column":49}},"3":{"start":{"line":10,"column":13},"end":{"line":13,"column":1}},"4":{"start":{"line":11,"column":14},"end":{"line":11,"column":51}},"5":{"start":{"line":12,"column":2},"end":{"line":12,"column":31}},"6":{"start":{"line":15,"column":32},"end":{"line":18,"column":1}}},"fnMap":{"0":{"name":"(anonymous_0)","decl":{"start":{"line":7,"column":9},"end":{"line":7,"column":10}},"loc":{"start":{"line":7,"column":22},"end":{"line":7,"column":49}},"line":7},"1":{"name":"(anonymous_1)","decl":{"start":{"line":10,"column":13},"end":{"line":10,"column":14}},"loc":{"start":{"line":10,"column":19},"end":{"line":13,"column":1}},"line":10}},"branchMap":{"0":{"loc":{"start":{"line":11,"column":14},"end":{"line":11,"column":51}},"type":"binary-expr","locations":[{"start":{"line":11,"column":14},"end":{"line":11,"column":34}},{"start":{"line":11,"column":38},"end":{"line":11,"column":51}}],"line":11}},"s":{"0":1,"1":1,"2":0,"3":1,"4":6,"5":6,"6":1},"f":{"0":0,"1":6},"b":{"0":[6,0]},"_coverageSchema":"1a1c01bbd47fc00a2c39e90264f33305004495a9","hash":"2606f561bad86a9020d9db9bf2accef39b70052e"}
,"E:\\Documents\\WebDev\\mern-realestate\\api\\middlewares\\rateLimiter.middleware.js": {"path":"E:\\Documents\\WebDev\\mern-realestate\\api\\middlewares\\rateLimiter.middleware.js","statementMap":{"0":{"start":{"line":4,"column":27},"end":{"line":12,"column":2}},"1":{"start":{"line":8,"column":4},"end":{"line":11,"column":5}}},"fnMap":{"0":{"name":"(anonymous_0)","decl":{"start":{"line":7,"column":11},"end":{"line":7,"column":12}},"loc":{"start":{"line":8,"column":4},"end":{"line":11,"column":5}},"line":8}},"branchMap":{},"s":{"0":1,"1":0},"f":{"0":0},"b":{},"_coverageSchema":"1a1c01bbd47fc00a2c39e90264f33305004495a9","hash":"cb25c1b1e456689f673ac375983d72bfa24e7371"}
,"E:\\Documents\\WebDev\\mern-realestate\\api\\models\\listing.model.js": {"path":"E:\\Documents\\WebDev\\mern-realestate\\api\\models\\listing.model.js","statementMap":{"0":{"start":{"line":95,"column":22},"end":{"line":174,"column":1}},"1":{"start":{"line":114,"column":10},"end":{"line":114,"column":27}},"2":{"start":{"line":124,"column":10},"end":{"line":124,"column":44}},"3":{"start":{"line":176,"column":16},"end":{"line":176,"column":56}}},"fnMap":{"0":{"name":"(anonymous_0)","decl":{"start":{"line":113,"column":19},"end":{"line":113,"column":20}},"loc":{"start":{"line":113,"column":36},"end":{"line":115,"column":9}},"line":113},"1":{"name":"(anonymous_1)","decl":{"start":{"line":123,"column":19},"end":{"line":123,"column":20}},"loc":{"start":{"line":123,"column":36},"end":{"line":125,"column":9}},"line":123}},"branchMap":{},"s":{"0":1,"1":3,"2":3,"3":1},"f":{"0":3,"1":3},"b":{},"_coverageSchema":"1a1c01bbd47fc00a2c39e90264f33305004495a9","hash":"ceba9f6bc1bcd123f407f3d520e3d39348ebd4bd"}
,"E:\\Documents\\WebDev\\mern-realestate\\api\\models\\user.model.js": {"path":"E:\\Documents\\WebDev\\mern-realestate\\api\\models\\user.model.js","statementMap":{"0":{"start":{"line":3,"column":19},"end":{"line":38,"column":1}},"1":{"start":{"line":40,"column":13},"end":{"line":40,"column":47}}},"fnMap":{},"branchMap":{},"s":{"0":1,"1":1},"f":{},"b":{},"_coverageSchema":"1a1c01bbd47fc00a2c39e90264f33305004495a9","hash":"32283c9fde7a6d66066740aaa945d7f66e4c98c1"}
,"E:\\Documents\\WebDev\\mern-realestate\\api\\routes\\auth.route.js": {"path":"E:\\Documents\\WebDev\\mern-realestate\\api\\routes\\auth.route.js","statementMap":{"0":{"start":{"line":10,"column":15},"end":{"line":10,"column":31}},"1":{"start":{"line":12,"column":0},"end":{"line":12,"column":31}},"2":{"start":{"line":14,"column":0},"end":{"line":14,"column":31}},"3":{"start":{"line":16,"column":0},"end":{"line":16,"column":31}},"4":{"start":{"line":18,"column":0},"end":{"line":18,"column":58}}},"fnMap":{},"branchMap":{},"s":{"0":1,"1":1,"2":1,"3":1,"4":1},"f":{},"b":{},"_coverageSchema":"1a1c01bbd47fc00a2c39e90264f33305004495a9","hash":"ba5555e23df8769592a0685489a7515ccbde75f7"}
,"E:\\Documents\\WebDev\\mern-realestate\\api\\routes\\listing.route.js": {"path":"E:\\Documents\\WebDev\\mern-realestate\\api\\routes\\listing.route.js","statementMap":{"0":{"start":{"line":8,"column":15},"end":{"line":8,"column":30}},"1":{"start":{"line":113,"column":0},"end":{"line":113,"column":55}},"2":{"start":{"line":115,"column":0},"end":{"line":115,"column":41}}},"fnMap":{},"branchMap":{},"s":{"0":1,"1":1,"2":1},"f":{},"b":{},"_coverageSchema":"1a1c01bbd47fc00a2c39e90264f33305004495a9","hash":"ea532e65ef7c7b74d62e7a27472021cb62724de9"}
,"E:\\Documents\\WebDev\\mern-realestate\\api\\routes\\user.route.js": {"path":"E:\\Documents\\WebDev\\mern-realestate\\api\\routes\\user.route.js","statementMap":{"0":{"start":{"line":16,"column":15},"end":{"line":16,"column":31}},"1":{"start":{"line":20,"column":0},"end":{"line":20,"column":72}},"2":{"start":{"line":22,"column":0},"end":{"line":22,"column":65}},"3":{"start":{"line":24,"column":0},"end":{"line":24,"column":72}},"4":{"start":{"line":26,"column":0},"end":{"line":26,"column":70}},"5":{"start":{"line":30,"column":0},"end":{"line":30,"column":62}},"6":{"start":{"line":32,"column":0},"end":{"line":32,"column":69}},"7":{"start":{"line":34,"column":0},"end":{"line":34,"column":72}},"8":{"start":{"line":36,"column":0},"end":{"line":36,"column":72}},"9":{"start":{"line":40,"column":0},"end":{"line":40,"column":54}}},"fnMap":{},"branchMap":{},"s":{"0":1,"1":1,"2":1,"3":1,"4":1,"5":1,"6":1,"7":1,"8":1,"9":1},"f":{},"b":{},"_coverageSchema":"1a1c01bbd47fc00a2c39e90264f33305004495a9","hash":"f5c04367395e4c07cec40defe1316c4dbe5174f3"}
,"E:\\Documents\\WebDev\\mern-realestate\\api\\utils\\error.js": {"path":"E:\\Documents\\WebDev\\mern-realestate\\api\\utils\\error.js","statementMap":{"0":{"start":{"line":1,"column":28},"end":{"line":6,"column":1}},"1":{"start":{"line":2,"column":16},"end":{"line":2,"column":27}},"2":{"start":{"line":3,"column":2},"end":{"line":3,"column":32}},"3":{"start":{"line":4,"column":2},"end":{"line":4,"column":26}},"4":{"start":{"line":5,"column":2},"end":{"line":5,"column":15}}},"fnMap":{"0":{"name":"(anonymous_0)","decl":{"start":{"line":1,"column":28},"end":{"line":1,"column":29}},"loc":{"start":{"line":1,"column":53},"end":{"line":6,"column":1}},"line":1}},"branchMap":{},"s":{"0":1,"1":0,"2":0,"3":0,"4":0},"f":{"0":0},"b":{},"_coverageSchema":"1a1c01bbd47fc00a2c39e90264f33305004495a9","hash":"79fb9b6adb09f9be334cc10e04285ec1ac905583"}
,"E:\\Documents\\WebDev\\mern-realestate\\api\\utils\\redis.util.js": {"path":"E:\\Documents\\WebDev\\mern-realestate\\api\\utils\\redis.util.js","statementMap":{"0":{"start":{"line":3,"column":0},"end":{"line":3,"column":16}},"1":{"start":{"line":6,"column":27},"end":{"line":12,"column":1}},"2":{"start":{"line":14,"column":14},"end":{"line":17,"column":2}},"3":{"start":{"line":19,"column":24},"end":{"line":30,"column":1}},"4":{"start":{"line":20,"column":2},"end":{"line":29,"column":3}},"5":{"start":{"line":21,"column":17},"end":{"line":21,"column":37}},"6":{"start":{"line":22,"column":4},"end":{"line":24,"column":5}},"7":{"start":{"line":23,"column":6},"end":{"line":23,"column":18}},"8":{"start":{"line":25,"column":4},"end":{"line":25,"column":16}},"9":{"start":{"line":27,"column":4},"end":{"line":27,"column":40}},"10":{"start":{"line":28,"column":4},"end":{"line":28,"column":16}},"11":{"start":{"line":32,"column":24},"end":{"line":39,"column":1}},"12":{"start":{"line":33,"column":2},"end":{"line":38,"column":3}},"13":{"start":{"line":34,"column":4},"end":{"line":34,"column":57}},"14":{"start":{"line":36,"column":4},"end":{"line":36,"column":40}},"15":{"start":{"line":37,"column":4},"end":{"line":37,"column":16}},"16":{"start":{"line":41,"column":31},"end":{"line":70,"column":1}},"17":{"start":{"line":42,"column":2},"end":{"line":69,"column":3}},"18":{"start":{"line":43,"column":17},"end":{"line":43,"column":42}},"19":{"start":{"line":45,"column":4},"end":{"line":63,"column":5}},"20":{"start":{"line":47,"column":29},"end":{"line":50,"column":8}},"21":{"start":{"line":48,"column":24},"end":{"line":48,"column":44}},"22":{"start":{"line":49,"column":8},"end":{"line":49,"column":29}},"23":{"start":{"line":52,"column":22},"end":{"line":52,"column":55}},"24":{"start":{"line":53,"column":27},"end":{"line":53,"column":57}},"25":{"start":{"line":56,"column":28},"end":{"line":56,"column":53}},"26":{"start":{"line":57,"column":6},"end":{"line":60,"column":7}},"27":{"start":{"line":58,"column":8},"end":{"line":58,"column":63}},"28":{"start":{"line":59,"column":8},"end":{"line":59,"column":21}},"29":{"start":{"line":62,"column":6},"end":{"line":62,"column":18}},"30":{"start":{"line":65,"column":4},"end":{"line":65,"column":16}},"31":{"start":{"line":67,"column":4},"end":{"line":67,"column":40}},"32":{"start":{"line":68,"column":4},"end":{"line":68,"column":16}},"33":{"start":{"line":72,"column":26},"end":{"line":83,"column":1}},"34":{"start":{"line":74,"column":23},"end":{"line":74,"column":72}},"35":{"start":{"line":75,"column":28},"end":{"line":75,"column":54}},"36":{"start":{"line":76,"column":21},"end":{"line":76,"column":51}},"37":{"start":{"line":77,"column":20},"end":{"line":77,"column":44}},"38":{"start":{"line":80,"column":26},"end":{"line":80,"column":59}},"39":{"start":{"line":81,"column":30},"end":{"line":81,"column":55}}},"fnMap":{"0":{"name":"(anonymous_0)","decl":{"start":{"line":19,"column":24},"end":{"line":19,"column":25}},"loc":{"start":{"line":19,"column":39},"end":{"line":30,"column":1}},"line":19},"1":{"name":"(anonymous_1)","decl":{"start":{"line":32,"column":24},"end":{"line":32,"column":25}},"loc":{"start":{"line":32,"column":60},"end":{"line":39,"column":1}},"line":32},"2":{"name":"(anonymous_2)","decl":{"start":{"line":41,"column":31},"end":{"line":41,"column":32}},"loc":{"start":{"line":41,"column":50},"end":{"line":70,"column":1}},"line":41},"3":{"name":"(anonymous_3)","decl":{"start":{"line":47,"column":38},"end":{"line":47,"column":39}},"loc":{"start":{"line":47,"column":53},"end":{"line":50,"column":7}},"line":47},"4":{"name":"(anonymous_4)","decl":{"start":{"line":74,"column":12},"end":{"line":74,"column":13}},"loc":{"start":{"line":74,"column":23},"end":{"line":74,"column":72}},"line":74},"5":{"name":"(anonymous_5)","decl":{"start":{"line":75,"column":22},"end":{"line":75,"column":23}},"loc":{"start":{"line":75,"column":28},"end":{"line":75,"column":54}},"line":75},"6":{"name":"(anonymous_6)","decl":{"start":{"line":76,"column":13},"end":{"line":76,"column":14}},"loc":{"start":{"line":76,"column":21},"end":{"line":76,"column":51}},"line":76},"7":{"name":"(anonymous_7)","decl":{"start":{"line":77,"column":14},"end":{"line":77,"column":15}},"loc":{"start":{"line":77,"column":20},"end":{"line":77,"column":44}},"line":77},"8":{"name":"(anonymous_8)","decl":{"start":{"line":80,"column":14},"end":{"line":80,"column":15}},"loc":{"start":{"line":80,"column":26},"end":{"line":80,"column":59}},"line":80},"9":{"name":"(anonymous_9)","decl":{"start":{"line":81,"column":24},"end":{"line":81,"column":25}},"loc":{"start":{"line":81,"column":30},"end":{"line":81,"column":55}},"line":81}},"branchMap":{"0":{"loc":{"start":{"line":22,"column":4},"end":{"line":24,"column":5}},"type":"if","locations":[{"start":{"line":22,"column":4},"end":{"line":24,"column":5}},{"start":{},"end":{}}],"line":22},"1":{"loc":{"start":{"line":32,"column":42},"end":{"line":32,"column":55}},"type":"default-arg","locations":[{"start":{"line":32,"column":51},"end":{"line":32,"column":55}}],"line":32},"2":{"loc":{"start":{"line":45,"column":4},"end":{"line":63,"column":5}},"type":"if","locations":[{"start":{"line":45,"column":4},"end":{"line":63,"column":5}},{"start":{},"end":{}}],"line":45},"3":{"loc":{"start":{"line":57,"column":6},"end":{"line":60,"column":7}},"type":"if","locations":[{"start":{"line":57,"column":6},"end":{"line":60,"column":7}},{"start":{},"end":{}}],"line":57}},"s":{"0":1,"1":1,"2":1,"3":1,"4":1,"5":1,"6":1,"7":0,"8":1,"9":0,"10":0,"11":1,"12":0,"13":0,"14":0,"15":0,"16":1,"17":3,"18":3,"19":3,"20":0,"21":0,"22":0,"23":0,"24":0,"25":0,"26":0,"27":0,"28":0,"29":0,"30":3,"31":0,"32":0,"33":1,"34":1,"35":0,"36":0,"37":0,"38":0,"39":3},"f":{"0":1,"1":0,"2":3,"3":0,"4":1,"5":0,"6":0,"7":0,"8":0,"9":3},"b":{"0":[0,1],"1":[0],"2":[0,3],"3":[0,0]},"_coverageSchema":"1a1c01bbd47fc00a2c39e90264f33305004495a9","hash":"d5b04d9529533e360690cbc48536cf6bfc7e0189"}
}
