TN:
SF:api\index.js
FN:68,(anonymous_0)
FN:76,(anonymous_1)
FN:79,(anonymous_2)
FN:84,(anonymous_3)
FNF:4
FNH:2
FNDA:0,(anonymous_0)
FNDA:1,(anonymous_1)
FNDA:1,(anonymous_2)
FNDA:0,(anonymous_3)
DA:21,1
DA:23,1
DA:24,1
DA:25,1
DA:26,1
DA:29,1
DA:32,1
DA:35,1
DA:38,1
DA:41,1
DA:57,1
DA:60,1
DA:61,1
DA:62,1
DA:64,1
DA:66,1
DA:68,1
DA:69,0
DA:74,1
DA:77,1
DA:78,1
DA:79,1
DA:80,1
DA:81,1
DA:85,0
DA:86,0
DA:87,0
LF:27
LH:23
BRF:0
BRH:0
end_of_record
TN:
SF:api\config\cloudinaryConfig.js
FNF:0
FNH:0
DA:3,1
DA:5,1
LF:2
LH:2
BRF:0
BRH:0
end_of_record
TN:
SF:api\config\corsConfig.js
FNF:0
FNH:0
DA:3,1
DA:5,1
DA:22,1
LF:3
LH:3
BRDA:7,0,0,0
BRDA:7,0,1,1
BRF:2
BRH:1
end_of_record
TN:
SF:api\config\multerConfig.js
FNF:0
FNH:0
DA:5,1
DA:7,1
DA:15,1
LF:3
LH:3
BRF:0
BRH:0
end_of_record
TN:
SF:api\config\swaggerConfig.js
FNF:0
FNH:0
DA:7,1
DA:9,1
DA:10,1
DA:12,1
DA:33,1
LF:5
LH:5
BRF:0
BRH:0
end_of_record
TN:
SF:api\config\winstonLoggerConfig.js
FNF:0
FNH:0
DA:4,1
DA:6,1
DA:14,1
DA:41,1
DA:42,1
LF:5
LH:5
BRDA:41,0,0,1
BRDA:41,0,1,0
BRF:2
BRH:1
end_of_record
TN:
SF:api\controllers\auth.controller.js
FN:6,(anonymous_0)
FN:19,(anonymous_1)
FN:61,(anonymous_2)
FN:129,(anonymous_3)
FNF:4
FNH:1
FNDA:0,(anonymous_0)
FNDA:2,(anonymous_1)
FNDA:0,(anonymous_2)
FNDA:0,(anonymous_3)
DA:6,1
DA:7,0
DA:9,0
DA:10,0
DA:11,0
DA:12,0
DA:13,0
DA:15,0
DA:19,1
DA:20,2
DA:21,2
DA:22,2
DA:27,2
DA:28,0
DA:31,2
DA:33,2
DA:34,0
DA:37,2
DA:46,2
DA:53,2
DA:55,2
DA:57,0
DA:61,1
DA:62,0
DA:63,0
DA:64,0
DA:65,0
DA:69,0
DA:70,0
DA:77,0
DA:79,0
DA:86,0
DA:88,0
DA:89,0
DA:91,0
DA:93,0
DA:100,0
DA:102,0
DA:103,0
DA:110,0
DA:112,0
DA:119,0
DA:121,0
DA:125,0
DA:129,1
DA:130,0
DA:131,0
DA:138,0
DA:139,0
DA:145,0
DA:147,0
DA:149,0
LF:52
LH:14
BRDA:27,0,0,0
BRDA:27,0,1,2
BRDA:33,1,0,0
BRDA:33,1,1,2
BRDA:69,2,0,0
BRDA:69,2,1,0
BRDA:102,3,0,0
BRDA:102,3,1,0
BRDA:130,4,0,0
BRDA:130,4,1,0
BRF:10
BRH:2
end_of_record
TN:
SF:api\controllers\listing.controller.js
FN:11,(anonymous_0)
FN:29,(anonymous_1)
FNF:2
FNH:2
FNDA:3,(anonymous_0)
FNDA:1,(anonymous_1)
DA:11,1
DA:12,3
DA:13,3
DA:15,3
DA:17,3
DA:18,0
DA:21,3
DA:23,3
DA:25,0
DA:29,1
DA:30,1
DA:31,1
DA:32,1
DA:34,1
DA:46,1
DA:48,1
DA:50,1
DA:51,1
DA:52,1
DA:53,1
DA:56,0
DA:68,0
DA:70,0
DA:71,0
DA:74,0
DA:75,0
DA:78,0
DA:79,0
DA:82,0
DA:83,0
DA:86,0
DA:98,0
DA:100,0
DA:101,0
DA:103,0
LF:35
LH:18
BRDA:17,0,0,0
BRDA:17,0,1,3
BRDA:35,1,0,1
BRDA:35,1,1,1
BRDA:36,2,0,1
BRDA:36,2,1,1
BRDA:41,3,0,1
BRDA:41,3,1,1
BRDA:42,4,0,1
BRDA:42,4,1,1
BRDA:43,5,0,1
BRDA:43,5,1,1
BRDA:50,6,0,1
BRDA:50,6,1,0
BRDA:70,7,0,0
BRDA:70,7,1,0
BRDA:70,8,0,0
BRDA:70,8,1,0
BRDA:74,9,0,0
BRDA:74,9,1,0
BRDA:74,10,0,0
BRDA:74,10,1,0
BRDA:78,11,0,0
BRDA:78,11,1,0
BRDA:78,12,0,0
BRDA:78,12,1,0
BRDA:82,13,0,0
BRDA:82,13,1,0
BRDA:82,14,0,0
BRDA:82,14,1,0
BRF:30
BRH:12
end_of_record
TN:
SF:api\controllers\user.controller.js
FN:14,(anonymous_0)
FN:19,(anonymous_1)
FN:23,(anonymous_2)
FN:34,(anonymous_3)
FN:43,(anonymous_4)
FN:62,(anonymous_5)
FN:108,(anonymous_6)
FN:142,(anonymous_7)
FN:181,(anonymous_8)
FN:228,(anonymous_9)
FN:270,(anonymous_10)
FN:341,(anonymous_11)
FNF:12
FNH:0
FNDA:0,(anonymous_0)
FNDA:0,(anonymous_1)
FNDA:0,(anonymous_2)
FNDA:0,(anonymous_3)
FNDA:0,(anonymous_4)
FNDA:0,(anonymous_5)
FNDA:0,(anonymous_6)
FNDA:0,(anonymous_7)
FNDA:0,(anonymous_8)
FNDA:0,(anonymous_9)
FNDA:0,(anonymous_10)
FNDA:0,(anonymous_11)
DA:14,1
DA:15,0
DA:16,0
DA:19,1
DA:20,0
DA:21,0
DA:22,0
DA:23,0
DA:24,0
DA:25,0
DA:30,0
DA:31,0
DA:34,0
DA:35,0
DA:36,0
DA:39,0
DA:43,1
DA:44,0
DA:47,0
DA:53,0
DA:62,1
DA:63,0
DA:64,0
DA:72,0
DA:73,0
DA:74,0
DA:75,0
DA:77,0
DA:78,0
DA:79,0
DA:80,0
DA:83,0
DA:96,0
DA:97,0
DA:100,0
DA:102,0
DA:104,0
DA:108,1
DA:109,0
DA:110,0
DA:118,0
DA:119,0
DA:132,0
DA:133,0
DA:136,0
DA:138,0
DA:142,1
DA:143,0
DA:144,0
DA:145,0
DA:146,0
DA:155,0
DA:156,0
DA:157,0
DA:158,0
DA:159,0
DA:160,0
DA:163,0
DA:165,0
DA:172,0
DA:173,0
DA:175,0
DA:177,0
DA:181,1
DA:182,0
DA:183,0
DA:184,0
DA:185,0
DA:186,0
DA:194,0
DA:195,0
DA:199,0
DA:200,0
DA:201,0
DA:202,0
DA:203,0
DA:204,0
DA:206,0
DA:208,0
DA:215,0
DA:216,0
DA:219,0
DA:220,0
DA:222,0
DA:224,0
DA:228,1
DA:229,0
DA:230,0
DA:232,0
DA:233,0
DA:234,0
DA:235,0
DA:243,0
DA:244,0
DA:247,0
DA:260,0
DA:261,0
DA:264,0
DA:266,0
DA:270,1
DA:271,0
DA:272,0
DA:273,0
DA:276,0
DA:278,0
DA:279,0
DA:282,0
DA:283,0
DA:304,0
DA:306,0
DA:308,0
DA:309,0
DA:310,0
DA:311,0
DA:312,0
DA:313,0
DA:314,0
DA:315,0
DA:316,0
DA:317,0
DA:318,0
DA:319,0
DA:321,0
DA:331,0
DA:332,0
DA:335,0
DA:337,0
DA:341,1
DA:342,0
DA:343,0
DA:345,0
DA:346,0
DA:349,0
DA:351,0
DA:353,0
LF:135
LH:10
BRDA:30,0,0,0
BRDA:30,0,1,0
BRDA:63,1,0,0
BRDA:63,1,1,0
BRDA:77,2,0,0
BRDA:77,2,1,0
BRDA:78,3,0,0
BRDA:78,3,1,0
BRDA:79,4,0,0
BRDA:79,4,1,0
BRDA:96,5,0,0
BRDA:96,5,1,0
BRDA:109,6,0,0
BRDA:109,6,1,0
BRDA:132,7,0,0
BRDA:132,7,1,0
BRDA:145,8,0,0
BRDA:145,8,1,0
BRDA:157,9,0,0
BRDA:157,9,1,0
BRDA:185,10,0,0
BRDA:185,10,1,0
BRDA:194,11,0,0
BRDA:194,11,1,0
BRDA:201,12,0,0
BRDA:201,12,1,0
BRDA:215,13,0,0
BRDA:215,13,1,0
BRDA:234,14,0,0
BRDA:234,14,1,0
BRDA:243,15,0,0
BRDA:243,15,1,0
BRDA:260,16,0,0
BRDA:260,16,1,0
BRDA:272,17,0,0
BRDA:272,17,1,0
BRDA:278,18,0,0
BRDA:278,18,1,0
BRDA:282,19,0,0
BRDA:282,19,1,0
BRDA:308,20,0,0
BRDA:308,20,1,0
BRDA:309,21,0,0
BRDA:309,21,1,0
BRDA:310,22,0,0
BRDA:310,22,1,0
BRDA:311,23,0,0
BRDA:311,23,1,0
BRDA:312,24,0,0
BRDA:312,24,1,0
BRDA:313,25,0,0
BRDA:313,25,1,0
BRDA:314,26,0,0
BRDA:314,26,1,0
BRDA:315,27,0,0
BRDA:315,27,1,0
BRDA:316,28,0,0
BRDA:316,28,1,0
BRDA:317,29,0,0
BRDA:317,29,1,0
BRDA:318,30,0,0
BRDA:318,30,1,0
BRDA:319,31,0,0
BRDA:319,31,1,0
BRDA:331,32,0,0
BRDA:331,32,1,0
BRDA:345,33,0,0
BRDA:345,33,1,0
BRF:68
BRH:0
end_of_record
TN:
SF:api\middlewares\auth.middleware.js
FN:4,(anonymous_0)
FN:11,(anonymous_1)
FNF:2
FNH:2
FNDA:3,(anonymous_0)
FNDA:3,(anonymous_1)
DA:4,1
DA:5,3
DA:7,3
DA:8,0
DA:11,3
DA:12,3
DA:13,0
DA:16,3
DA:17,3
LF:9
LH:7
BRDA:7,0,0,0
BRDA:7,0,1,3
BRDA:12,1,0,0
BRDA:12,1,1,3
BRF:4
BRH:2
end_of_record
TN:
SF:api\middlewares\cloudinary.middleware.js
FN:6,(anonymous_0)
FN:7,(anonymous_1)
FNF:2
FNH:0
FNDA:0,(anonymous_0)
FNDA:0,(anonymous_1)
DA:4,1
DA:6,1
DA:7,0
DA:8,0
DA:9,0
DA:11,0
LF:6
LH:2
BRDA:8,0,0,0
BRDA:8,0,1,0
BRF:2
BRH:0
end_of_record
TN:
SF:api\middlewares\error.middleware.js
FN:1,(anonymous_0)
FNF:1
FNH:0
FNDA:0,(anonymous_0)
DA:1,1
DA:2,0
DA:3,0
DA:13,0
DA:14,0
DA:16,0
LF:6
LH:1
BRDA:10,0,0,0
BRDA:10,0,1,0
BRDA:13,1,0,0
BRDA:13,1,1,0
BRDA:14,2,0,0
BRDA:14,2,1,0
BRF:6
BRH:0
end_of_record
TN:
SF:api\middlewares\morgan.middleware.js
FN:7,(anonymous_0)
FN:10,(anonymous_1)
FNF:2
FNH:1
FNDA:0,(anonymous_0)
FNDA:6,(anonymous_1)
DA:4,1
DA:6,1
DA:7,0
DA:10,1
DA:11,6
DA:12,6
DA:15,1
LF:7
LH:6
BRDA:11,0,0,6
BRDA:11,0,1,0
BRF:2
BRH:1
end_of_record
TN:
SF:api\middlewares\rateLimiter.middleware.js
FN:7,(anonymous_0)
FNF:1
FNH:0
FNDA:0,(anonymous_0)
DA:4,1
DA:8,0
LF:2
LH:1
BRF:0
BRH:0
end_of_record
TN:
SF:api\models\listing.model.js
FN:113,(anonymous_0)
FN:123,(anonymous_1)
FNF:2
FNH:2
FNDA:3,(anonymous_0)
FNDA:3,(anonymous_1)
DA:95,1
DA:114,3
DA:124,3
DA:176,1
LF:4
LH:4
BRF:0
BRH:0
end_of_record
TN:
SF:api\models\user.model.js
FNF:0
FNH:0
DA:3,1
DA:40,1
LF:2
LH:2
BRF:0
BRH:0
end_of_record
TN:
SF:api\routes\auth.route.js
FNF:0
FNH:0
DA:10,1
DA:12,1
DA:14,1
DA:16,1
DA:18,1
LF:5
LH:5
BRF:0
BRH:0
end_of_record
TN:
SF:api\routes\listing.route.js
FNF:0
FNH:0
DA:8,1
DA:113,1
DA:115,1
LF:3
LH:3
BRF:0
BRH:0
end_of_record
TN:
SF:api\routes\user.route.js
FNF:0
FNH:0
DA:16,1
DA:20,1
DA:22,1
DA:24,1
DA:26,1
DA:30,1
DA:32,1
DA:34,1
DA:36,1
DA:40,1
LF:10
LH:10
BRF:0
BRH:0
end_of_record
TN:
SF:api\utils\error.js
FN:1,(anonymous_0)
FNF:1
FNH:0
FNDA:0,(anonymous_0)
DA:1,1
DA:2,0
DA:3,0
DA:4,0
DA:5,0
LF:5
LH:1
BRF:0
BRH:0
end_of_record
TN:
SF:api\utils\redis.util.js
FN:19,(anonymous_0)
FN:32,(anonymous_1)
FN:41,(anonymous_2)
FN:47,(anonymous_3)
FN:74,(anonymous_4)
FN:75,(anonymous_5)
FN:76,(anonymous_6)
FN:77,(anonymous_7)
FN:80,(anonymous_8)
FN:81,(anonymous_9)
FNF:10
FNH:4
FNDA:1,(anonymous_0)
FNDA:0,(anonymous_1)
FNDA:3,(anonymous_2)
FNDA:0,(anonymous_3)
FNDA:1,(anonymous_4)
FNDA:0,(anonymous_5)
FNDA:0,(anonymous_6)
FNDA:0,(anonymous_7)
FNDA:0,(anonymous_8)
FNDA:3,(anonymous_9)
DA:3,1
DA:6,1
DA:14,1
DA:19,1
DA:20,1
DA:21,1
DA:22,1
DA:23,0
DA:25,1
DA:27,0
DA:28,0
DA:32,1
DA:33,0
DA:34,0
DA:36,0
DA:37,0
DA:41,1
DA:42,3
DA:43,3
DA:45,3
DA:47,0
DA:48,0
DA:49,0
DA:52,0
DA:53,0
DA:56,0
DA:57,0
DA:58,0
DA:59,0
DA:62,0
DA:65,3
DA:67,0
DA:68,0
DA:72,1
DA:74,1
DA:75,0
DA:76,0
DA:77,0
DA:80,0
DA:81,3
LF:40
LH:17
BRDA:22,0,0,0
BRDA:22,0,1,1
BRDA:32,1,0,0
BRDA:45,2,0,0
BRDA:45,2,1,3
BRDA:57,3,0,0
BRDA:57,3,1,0
BRF:7
BRH:2
end_of_record
